#
# There is insufficient memory for the Java Runtime Environment to continue.
# Native memory allocation (malloc) failed to allocate 1048576 bytes for AllocateHeap
# Possible reasons:
#   The system is out of physical RAM or swap space
#   The process is running with CompressedOops enabled, and the Java Heap may be blocking the growth of the native heap
# Possible solutions:
#   Reduce memory load on the system
#   Increase physical memory or swap space
#   Check if swap backing store is full
#   Decrease Java heap size (-Xmx/-Xms)
#   Decrease number of Java threads
#   Decrease Java thread stack sizes (-Xss)
#   Set larger code cache with -XX:ReservedCodeCacheSize=
#   JVM is running with Unscaled Compressed Oops mode in which the Java heap is
#     placed in the first 4GB address space. The Java Heap base address is the
#     maximum limit for the native heap growth. Please use -XX:HeapBaseMinAddress
#     to set the Java Heap base and to place the Java Heap above 4GB virtual address.
# This output file may be truncated or incomplete.
#
#  Out of Memory Error (allocation.cpp:44), pid=10044, tid=8600
#
# JRE version:  (17.0.10+11) (build )
# Java VM: Java HotSpot(TM) 64-Bit Server VM (17.0.10+11-LTS-240, mixed mode, sharing, tiered, compressed oops, compressed class ptrs, g1 gc, windows-amd64)
# No core dump will be written. Minidumps are not enabled by default on client versions of Windows
#

---------------  S U M M A R Y ------------

Command Line: -javaagent:C:\Program Files\JetBrains\IntelliJ IDEA Community Edition 2024.1.2\lib\idea_rt.jar=53148:C:\Program Files\JetBrains\IntelliJ IDEA Community Edition 2024.1.2\bin -Dfile.encoding=UTF-8 com.example.productapp.ProductappApplication

Host: Intel(R) Core(TM) i5-3230M CPU @ 2.60GHz, 4 cores, 7G,  Windows 11 , 64 bit Build 22621 (10.0.22621.3235)
Time: Thu Aug  1 19:27:27 2024 Afr. centrale Ouest elapsed time: 0.036788 seconds (0d 0h 0m 0s)

---------------  T H R E A D  ---------------

Current thread (0x0000014fc9d7be10):  JavaThread "Unknown thread" [_thread_in_vm, id=8600, stack(0x0000001b94a00000,0x0000001b94b00000)]

Stack: [0x0000001b94a00000,0x0000001b94b00000]
Native frames: (J=compiled Java code, j=interpreted, Vv=VM code, C=native code)
V  [jvm.dll+0x677a5a]
V  [jvm.dll+0x7d8b2d]
V  [jvm.dll+0x7da48e]
V  [jvm.dll+0x7daaf3]
V  [jvm.dll+0x2455ff]
V  [jvm.dll+0xa5173]
V  [jvm.dll+0x2d5bd7]
V  [jvm.dll+0x7aa51c]
V  [jvm.dll+0x367911]
V  [jvm.dll+0x789639]
V  [jvm.dll+0x3eb30f]
V  [jvm.dll+0x3ecd91]
C  [jli.dll+0x5297]
C  [ucrtbase.dll+0x29363]
C  [KERNEL32.DLL+0x1257d]
C  [ntdll.dll+0x5aa58]


---------------  P R O C E S S  ---------------

Threads class SMR info:
_java_thread_list=0x00007ffabc3c6a18, length=0, elements={
}

Java Threads: ( => current thread )

Other Threads:

=>0x0000014fc9d7be10 (exited) JavaThread "Unknown thread" [_thread_in_vm, id=8600, stack(0x0000001b94a00000,0x0000001b94b00000)]

Threads with active compile tasks:

VM state: not at safepoint (not fully initialized)

VM Mutex/Monitor currently owned by a thread: None

Heap address: 0x0000000000000000, size: 0 MB, Compressed Oops mode: 32-bit

CDS archive(s) mapped at: [0x0000000000000000-0x0000000000000000-0x0000000000000000), size 0, SharedBaseAddress: 0x0000000800000000, ArchiveRelocationMode: 1.
Narrow klass base: 0x0000000000000000, Narrow klass shift: 0, Narrow klass range: 0x0

GC Precious Log:
<Empty>

GC Heap History (0 events):
No events

Deoptimization events (0 events):
No events

Classes unloaded (0 events):
No events

Classes redefined (0 events):
No events

Internal exceptions (0 events):
No events

VM Operations (0 events):
No events

Events (1 events):
Event: 0.032 Loaded shared library C:\Program Files\Java\jdk-17\bin\java.dll


Dynamic libraries:
0x00007ff726a40000 - 0x00007ff726a50000 	C:\Program Files\Java\jdk-17\bin\java.exe
0x00007ffb18710000 - 0x00007ffb18926000 	C:\Windows\SYSTEM32\ntdll.dll
0x00007ffb17530000 - 0x00007ffb175f4000 	C:\Windows\System32\KERNEL32.DLL
0x00007ffb15d50000 - 0x00007ffb160f6000 	C:\Windows\System32\KERNELBASE.dll
0x00007ffb162c0000 - 0x00007ffb163d1000 	C:\Windows\System32\ucrtbase.dll
0x00007ffb0dd80000 - 0x00007ffb0dd9b000 	C:\Program Files\Java\jdk-17\bin\VCRUNTIME140.dll
0x00007ffb10d00000 - 0x00007ffb10d19000 	C:\Program Files\Java\jdk-17\bin\jli.dll
0x00007ffb17a80000 - 0x00007ffb17b32000 	C:\Windows\System32\ADVAPI32.dll
0x00007ffb17bd0000 - 0x00007ffb17c77000 	C:\Windows\System32\msvcrt.dll
0x00007ffb17d80000 - 0x00007ffb17e28000 	C:\Windows\System32\sechost.dll
0x00007ffb16290000 - 0x00007ffb162b8000 	C:\Windows\System32\bcrypt.dll
0x00007ffb17330000 - 0x00007ffb17445000 	C:\Windows\System32\RPCRT4.dll
0x00007ffb182b0000 - 0x00007ffb1845d000 	C:\Windows\System32\USER32.dll
0x00007ffb161a0000 - 0x00007ffb161c6000 	C:\Windows\System32\win32u.dll
0x00007ffb18460000 - 0x00007ffb18489000 	C:\Windows\System32\GDI32.dll
0x00007ffb15ac0000 - 0x00007ffb15bd8000 	C:\Windows\System32\gdi32full.dll
0x00007ffb16100000 - 0x00007ffb1619a000 	C:\Windows\System32\msvcp_win.dll
0x00007ffb06220000 - 0x00007ffb064b3000 	C:\Windows\WinSxS\amd64_microsoft.windows.common-controls_6595b64144ccf1df_6.0.22621.3235_none_270f74e173860f98\COMCTL32.dll
0x00007ffb105c0000 - 0x00007ffb105ca000 	C:\Windows\SYSTEM32\VERSION.dll
0x00007ffb167f0000 - 0x00007ffb16821000 	C:\Windows\System32\IMM32.DLL
0x00007ffb12460000 - 0x00007ffb1246c000 	C:\Program Files\Java\jdk-17\bin\vcruntime140_1.dll
0x00007ffb0ac50000 - 0x00007ffb0acde000 	C:\Program Files\Java\jdk-17\bin\msvcp140.dll
0x00007ffabb910000 - 0x00007ffabc4ef000 	C:\Program Files\Java\jdk-17\bin\server\jvm.dll
0x00007ffb17e30000 - 0x00007ffb17e38000 	C:\Windows\System32\PSAPI.DLL
0x00007ffb0f6f0000 - 0x00007ffb0f6f9000 	C:\Windows\SYSTEM32\WSOCK32.dll
0x00007ffb17ec0000 - 0x00007ffb17f31000 	C:\Windows\System32\WS2_32.dll
0x00007ffb10030000 - 0x00007ffb10064000 	C:\Windows\SYSTEM32\WINMM.dll
0x00007ffb14a90000 - 0x00007ffb14aa8000 	C:\Windows\SYSTEM32\kernel.appcore.dll
0x00007ffb11030000 - 0x00007ffb1103a000 	C:\Program Files\Java\jdk-17\bin\jimage.dll
0x00007ffaed950000 - 0x00007ffaedb83000 	C:\Windows\SYSTEM32\DBGHELP.DLL
0x00007ffb16460000 - 0x00007ffb167e8000 	C:\Windows\System32\combase.dll
0x00007ffb17450000 - 0x00007ffb17527000 	C:\Windows\System32\OLEAUT32.dll
0x00007ffb03930000 - 0x00007ffb03962000 	C:\Windows\SYSTEM32\dbgcore.DLL
0x00007ffb163e0000 - 0x00007ffb1645a000 	C:\Windows\System32\bcryptPrimitives.dll
0x00007ffb109e0000 - 0x00007ffb109ee000 	C:\Program Files\Java\jdk-17\bin\instrument.dll
0x00007ffb0b4e0000 - 0x00007ffb0b505000 	C:\Program Files\Java\jdk-17\bin\java.dll

dbghelp: loaded successfully - version: 4.0.5 - missing functions: none
symbol engine: initialized successfully - sym options: 0x614 - pdb path: .;C:\Program Files\Java\jdk-17\bin;C:\Windows\SYSTEM32;C:\Windows\WinSxS\amd64_microsoft.windows.common-controls_6595b64144ccf1df_6.0.22621.3235_none_270f74e173860f98;C:\Program Files\Java\jdk-17\bin\server

VM Arguments:
jvm_args: -javaagent:C:\Program Files\JetBrains\IntelliJ IDEA Community Edition 2024.1.2\lib\idea_rt.jar=53148:C:\Program Files\JetBrains\IntelliJ IDEA Community Edition 2024.1.2\bin -Dfile.encoding=UTF-8 
java_command: com.example.productapp.ProductappApplication
java_class_path (initial): C:\Users\Administrator\Desktop\reussi - Copie\productapp\target\classes;C:\Users\Administrator\.m2\repository\org\springframework\boot\spring-boot-starter-data-jpa\3.3.2\spring-boot-starter-data-jpa-3.3.2.jar;C:\Users\Administrator\.m2\repository\org\springframework\boot\spring-boot-starter-aop\3.3.2\spring-boot-starter-aop-3.3.2.jar;C:\Users\Administrator\.m2\repository\org\springframework\spring-aop\6.1.11\spring-aop-6.1.11.jar;C:\Users\Administrator\.m2\repository\org\aspectj\aspectjweaver\1.9.22.1\aspectjweaver-1.9.22.1.jar;C:\Users\Administrator\.m2\repository\org\springframework\boot\spring-boot-starter-jdbc\3.3.2\spring-boot-starter-jdbc-3.3.2.jar;C:\Users\Administrator\.m2\repository\com\zaxxer\HikariCP\5.1.0\HikariCP-5.1.0.jar;C:\Users\Administrator\.m2\repository\org\springframework\spring-jdbc\6.1.11\spring-jdbc-6.1.11.jar;C:\Users\Administrator\.m2\repository\org\hibernate\orm\hibernate-core\6.5.2.Final\hibernate-core-6.5.2.Final.jar;C:\Users\Administrator\.m2\repository\jakarta\persistence\jakarta.persistence-api\3.1.0\jakarta.persistence-api-3.1.0.jar;C:\Users\Administrator\.m2\repository\jakarta\transaction\jakarta.transaction-api\2.0.1\jakarta.transaction-api-2.0.1.jar;C:\Users\Administrator\.m2\repository\org\jboss\logging\jboss-logging\3.5.3.Final\jboss-logging-3.5.3.Final.jar;C:\Users\Administrator\.m2\repository\org\hibernate\common\hibernate-commons-annotations\6.0.6.Final\hibernate-commons-annotations-6.0.6.Final.jar;C:\Users\Administrator\.m2\repository\io\smallrye\jandex\3.1.2\jandex-3.1.2.jar;C:\Users\Administrator\.m2\repository\com\fasterxml\classmate\1.7.0\classmate-1.7.0.jar;C:\Users\Administrator\.m2\repository\net\bytebuddy\byte-buddy\1.14.18\byte-buddy-1.14.18.jar;C:\Users\Administrator\.m2\repository\org\glassfish\jaxb\jaxb-runtime\4.0.5\jaxb-runtime-4.0.5.jar;C:\Users\Administrator\.m2\repository\org\glassfish\jaxb\jaxb-core\4.0.5\jaxb-core-4.0.5.jar;C:\Users\Administrator\.m2\repository\org\eclipse\angu
Launcher Type: SUN_STANDARD

[Global flags]
     intx CICompilerCount                          = 3                                         {product} {ergonomic}
     uint ConcGCThreads                            = 1                                         {product} {ergonomic}
     uint G1ConcRefinementThreads                  = 4                                         {product} {ergonomic}
   size_t G1HeapRegionSize                         = 1048576                                   {product} {ergonomic}
    uintx GCDrainStackTargetSize                   = 64                                        {product} {ergonomic}
   size_t InitialHeapSize                          = 134217728                                 {product} {ergonomic}
   size_t MarkStackSize                            = 4194304                                   {product} {ergonomic}
   size_t MaxHeapSize                              = 2120220672                                {product} {ergonomic}
   size_t MinHeapDeltaBytes                        = 1048576                                   {product} {ergonomic}
   size_t MinHeapSize                              = 8388608                                   {product} {ergonomic}
    uintx NonNMethodCodeHeapSize                   = 5832780                                {pd product} {ergonomic}
    uintx NonProfiledCodeHeapSize                  = 122912730                              {pd product} {ergonomic}
    uintx ProfiledCodeHeapSize                     = 122912730                              {pd product} {ergonomic}
    uintx ReservedCodeCacheSize                    = 251658240                              {pd product} {ergonomic}
     bool SegmentedCodeCache                       = true                                      {product} {ergonomic}
   size_t SoftMaxHeapSize                          = 2120220672                             {manageable} {ergonomic}
     bool UseCompressedClassPointers               = true                           {product lp64_product} {ergonomic}
     bool UseCompressedOops                        = true                           {product lp64_product} {ergonomic}
     bool UseG1GC                                  = true                                      {product} {ergonomic}
     bool UseLargePagesIndividualAllocation        = false                                  {pd product} {ergonomic}

Logging:
Log output configuration:
 #0: stdout all=warning uptime,level,tags
 #1: stderr all=off uptime,level,tags

Environment Variables:
PATH=C:\Program Files\Common Files\Oracle\Java\javapath;C:\Windows\system32;C:\Windows;C:\Windows\System32\Wbem;C:\Windows\System32\WindowsPowerShell\v1.0\;C:\Windows\System32\OpenSSH\;C:\Program Files\Docker\Docker\resources\bin;d:\Program Files\Git\cmd;C:\Program Files\nodejs\;C:\ProgramData\chocolatey\bin;C:\Users\Administrator\AppData\Local\Microsoft\WindowsApps;C:\Users\Administrator\AppData\Local\GitHubDesktop\bin;C:\Program Files\JetBrains\IntelliJ IDEA Community Edition 2024.1.2\bin;;C:\Users\Administrator\AppData\Local\Programs\Microsoft VS Code\bin;C:\Users\Administrator\AppData\Roaming\npm
USERNAME=Administrator
OS=Windows_NT
PROCESSOR_IDENTIFIER=Intel64 Family 6 Model 58 Stepping 9, GenuineIntel



---------------  S Y S T E M  ---------------

OS:
 Windows 11 , 64 bit Build 22621 (10.0.22621.3235)
OS uptime: 0 days 6:01 hours

CPU: total 4 (initial active 4) (2 cores per cpu, 2 threads per core) family 6 model 58 stepping 9 microcode 0x21, cx8, cmov, fxsr, ht, mmx, sse, sse2, sse3, ssse3, sse4.1, sse4.2, popcnt, tsc, tscinvbit, avx, aes, erms, clmul, vzeroupper, clflush

Memory: 4k page, system-wide physical 8084M (855M free)
TotalPageFile size 10132M (AvailPageFile size 5M)
current process WorkingSet (physical memory assigned to process): 10M, peak: 10M
current process commit charge ("private bytes"): 14M, peak: 15M

vm_info: Java HotSpot(TM) 64-Bit Server VM (17.0.10+11-LTS-240) for windows-amd64 JRE (17.0.10+11-LTS-240), built on Dec 19 2023 21:47:25 by "mach5one" with MS VC++ 17.1 (VS2022)

END.
